0 info it worked if it ends with ok
1 verbose cli [ '/usr/bin/nodejs', '/usr/bin/npm', 'run', 'watch' ]
2 info using npm@2.14.12
3 info using node@v4.3.1
4 verbose run-script [ 'prewatch', 'watch', 'postwatch' ]
5 info prewatch foundationpress@2.3.0
6 info watch foundationpress@2.3.0
7 verbose unsafe-perm in lifecycle true
8 info foundationpress@2.3.0 Failed to exec watch script
9 verbose stack Error: foundationpress@2.3.0 watch: `gulp`
9 verbose stack Exit status 1
9 verbose stack     at EventEmitter.<anonymous> (/usr/lib/node_modules/npm/lib/utils/lifecycle.js:214:16)
9 verbose stack     at emitTwo (events.js:87:13)
9 verbose stack     at EventEmitter.emit (events.js:172:7)
9 verbose stack     at ChildProcess.<anonymous> (/usr/lib/node_modules/npm/lib/utils/spawn.js:24:14)
9 verbose stack     at emitTwo (events.js:87:13)
9 verbose stack     at ChildProcess.emit (events.js:172:7)
9 verbose stack     at maybeClose (internal/child_process.js:821:16)
9 verbose stack     at Process.ChildProcess._handle.onexit (internal/child_process.js:211:5)
10 verbose pkgid foundationpress@2.3.0
11 verbose cwd /var/www/vhosts/rosehadley.dev/public_html/wp-content/themes/FoundationPress
12 error Linux 4.2.0-27-generic
13 error argv "/usr/bin/nodejs" "/usr/bin/npm" "run" "watch"
14 error node v4.3.1
15 error npm  v2.14.12
16 error code ELIFECYCLE
17 error foundationpress@2.3.0 watch: `gulp`
17 error Exit status 1
18 error Failed at the foundationpress@2.3.0 watch script 'gulp'.
18 error This is most likely a problem with the foundationpress package,
18 error not with npm itself.
18 error Tell the author that this fails on your system:
18 error     gulp
18 error You can get their info via:
18 error     npm owner ls foundationpress
18 error There is likely additional logging output above.
19 verbose exit [ 1, true ]
